Using pre-set license
Built from '2021.3/staging' branch; Version is '2021.3.13f1 (9e7d58001ecf) revision 10386776'; Using compiler version '192829333'; Build Type 'Release'
OS: 'Windows 11  (10.0.22621) 64bit Professional' Language: 'en' Physical Memory: 32452 MB
BatchMode: 1, IsHumanControllingUs: 0, StartBugReporterOnCrash: 0, Is64bit: 1, IsPro: 1

COMMAND LINE ARGUMENTS:
C:\Program Files\Unity\Hub\Editor\2021.3.13f1\Editor\Unity.exe
-adb2
-batchMode
-noUpm
-name
AssetImportWorker7
-projectPath
C:/Users/jaroo/GitHub/forgotten-unity/Forgotten of Kailash
-logFile
Logs/AssetImportWorker7.log
-srvPort
52782
Successfully changed project path to: C:/Users/jaroo/GitHub/forgotten-unity/Forgotten of Kailash
C:/Users/jaroo/GitHub/forgotten-unity/Forgotten of Kailash
[UnityMemory] Configuration Parameters - Can be set up in boot.config
    "memorysetup-bucket-allocator-granularity=16"
    "memorysetup-bucket-allocator-bucket-count=8"
    "memorysetup-bucket-allocator-block-size=33554432"
    "memorysetup-bucket-allocator-block-count=8"
    "memorysetup-main-allocator-block-size=16777216"
    "memorysetup-thread-allocator-block-size=16777216"
    "memorysetup-gfx-main-allocator-block-size=16777216"
    "memorysetup-gfx-thread-allocator-block-size=16777216"
    "memorysetup-cache-allocator-block-size=4194304"
    "memorysetup-typetree-allocator-block-size=2097152"
    "memorysetup-profiler-bucket-allocator-granularity=16"
    "memorysetup-profiler-bucket-allocator-bucket-count=8"
    "memorysetup-profiler-bucket-allocator-block-size=33554432"
    "memorysetup-profiler-bucket-allocator-block-count=8"
    "memorysetup-profiler-allocator-block-size=16777216"
    "memorysetup-profiler-editor-allocator-block-size=1048576"
    "memorysetup-temp-allocator-size-main=16777216"
    "memorysetup-job-temp-allocator-block-size=2097152"
    "memorysetup-job-temp-allocator-block-size-background=1048576"
    "memorysetup-job-temp-allocator-reduction-small-platforms=262144"
    "memorysetup-temp-allocator-size-background-worker=32768"
    "memorysetup-temp-allocator-size-job-worker=262144"
    "memorysetup-temp-allocator-size-preload-manager=33554432"
    "memorysetup-temp-allocator-size-nav-mesh-worker=65536"
    "memorysetup-temp-allocator-size-audio-worker=65536"
    "memorysetup-temp-allocator-size-cloud-worker=32768"
    "memorysetup-temp-allocator-size-gi-baking-worker=262144"
    "memorysetup-temp-allocator-size-gfx=262144"
Refreshing native plugins compatible for Editor in 84.64 ms, found 3 plugins.
Preloading 0 native plugins for Editor in 0.00 ms.
Initialize engine version: 2021.3.13f1 (9e7d58001ecf)
[Subsystems] Discovering subsystems at path C:/Program Files/Unity/Hub/Editor/2021.3.13f1/Editor/Data/Resources/UnitySubsystems
[Subsystems] Discovering subsystems at path C:/Users/jaroo/GitHub/forgotten-unity/Forgotten of Kailash/Assets
GfxDevice: creating device client; threaded=0; jobified=0
Direct3D:
    Version:  Direct3D 11.0 [level 11.1]
    Renderer: NVIDIA GeForce RTX 3070 Ti Laptop GPU (ID=0x24e0)
    Vendor:   NVIDIA
    VRAM:     8043 MB
    Driver:   30.0.15.1272
Initialize mono
Mono path[0] = 'C:/Program Files/Unity/Hub/Editor/2021.3.13f1/Editor/Data/Managed'
Mono path[1] = 'C:/Program Files/Unity/Hub/Editor/2021.3.13f1/Editor/Data/MonoBleedingEdge/lib/mono/unityjit-win32'
Mono config path = 'C:/Program Files/Unity/Hub/Editor/2021.3.13f1/Editor/Data/MonoBleedingEdge/etc'
Using monoOptions --debugger-agent=transport=dt_socket,embedding=1,server=y,suspend=n,address=127.0.0.1:56152
Begin MonoManager ReloadAssembly
Registering precompiled unity dll's ...
Register platform support module: C:/Program Files/Unity/Hub/Editor/2021.3.13f1/Editor/Data/PlaybackEngines/WindowsStandaloneSupport/UnityEditor.WindowsStandalone.Extensions.dll
Registered in 0.004131 seconds.
Native extension for WindowsStandalone target not found
Refreshing native plugins compatible for Editor in 64.13 ms, found 3 plugins.
Preloading 0 native plugins for Editor in 0.00 ms.
Mono: successfully reloaded assembly
- Completed reload, in  0.472 seconds
Domain Reload Profiling:
	ReloadAssembly (473ms)
		BeginReloadAssembly (79ms)
			ExecutionOrderSort (0ms)
			DisableScriptedObjects (0ms)
			BackupInstance (0ms)
			ReleaseScriptingObjects (0ms)
			CreateAndSetChildDomain (1ms)
		EndReloadAssembly (316ms)
			LoadAssemblies (77ms)
			RebuildTransferFunctionScriptingTraits (0ms)
			SetupTypeCache (72ms)
			ReleaseScriptCaches (0ms)
			RebuildScriptCaches (18ms)
			SetupLoadedEditorAssemblies (191ms)
				LogAssemblyErrors (0ms)
				InitializePlatformSupportModulesInManaged (6ms)
				SetLoadedEditorAssemblies (0ms)
				RefreshPlugins (64ms)
				BeforeProcessingInitializeOnLoad (1ms)
				ProcessInitializeOnLoadAttributes (89ms)
				ProcessInitializeOnLoadMethodAttributes (31ms)
				AfterProcessingInitializeOnLoad (0ms)
				EditorAssembliesLoaded (0ms)
			ExecutionOrderSort2 (0ms)
			AwakeInstancesAfterBackupRestoration (0ms)
Platform modules already initialized, skipping
Registering precompiled user dll's ...
Registered in 0.010063 seconds.
Begin MonoManager ReloadAssembly
Symbol file LoadedFromMemory doesn't match image C:\Users\jaroo\GitHub\forgotten-unity\Forgotten of Kailash\Library\PackageCache\com.unity.visualscripting@1.7.8\Editor\VisualScripting.Core\Dependencies\YamlDotNet\Unity.VisualScripting.YamlDotNet.dll
Symbol file LoadedFromMemory doesn't match image C:\Users\jaroo\GitHub\forgotten-unity\Forgotten of Kailash\Library\PackageCache\com.unity.visualscripting@1.7.8\Editor\VisualScripting.Core\Dependencies\DotNetZip\Unity.VisualScripting.IonicZip.dll
Native extension for WindowsStandalone target not found
Refreshing native plugins compatible for Editor in 62.14 ms, found 3 plugins.
Preloading 0 native plugins for Editor in 0.00 ms.
Mono: successfully reloaded assembly
- Completed reload, in  0.888 seconds
Domain Reload Profiling:
	ReloadAssembly (889ms)
		BeginReloadAssembly (71ms)
			ExecutionOrderSort (0ms)
			DisableScriptedObjects (4ms)
			BackupInstance (0ms)
			ReleaseScriptingObjects (0ms)
			CreateAndSetChildDomain (12ms)
		EndReloadAssembly (734ms)
			LoadAssemblies (110ms)
			RebuildTransferFunctionScriptingTraits (0ms)
			SetupTypeCache (175ms)
			ReleaseScriptCaches (0ms)
			RebuildScriptCaches (35ms)
			SetupLoadedEditorAssemblies (387ms)
				LogAssemblyErrors (0ms)
				InitializePlatformSupportModulesInManaged (3ms)
				SetLoadedEditorAssemblies (0ms)
				RefreshPlugins (62ms)
				BeforeProcessingInitializeOnLoad (70ms)
				ProcessInitializeOnLoadAttributes (201ms)
				ProcessInitializeOnLoadMethodAttributes (45ms)
				AfterProcessingInitializeOnLoad (5ms)
				EditorAssembliesLoaded (0ms)
			ExecutionOrderSort2 (0ms)
			AwakeInstancesAfterBackupRestoration (4ms)
Platform modules already initialized, skipping
========================================================================
Worker process is ready to serve import requests
Launched and connected shader compiler UnityShaderCompiler.exe after 0.05 seconds
Refreshing native plugins compatible for Editor in 0.59 ms, found 3 plugins.
Preloading 0 native plugins for Editor in 0.00 ms.
Unloading 4717 Unused Serialized files (Serialized files now loaded: 0)
Unloading 31 unused Assets / (372.9 KB). Loaded Objects now: 5189.
Memory consumption went from 239.6 MB to 239.3 MB.
Total: 2.852800 ms (FindLiveObjects: 0.221300 ms CreateObjectMapping: 0.112300 ms MarkObjects: 2.423800 ms  DeleteObjects: 0.094500 ms)

AssetImportParameters requested are different than current active one (requested -> active):
  custom:video-decoder-ogg-theora: a1e56fd34408186e4bbccfd4996cb3dc -> 
  custom:container-muxer-webm: aa71ff27fc2769a1b78a27578f13a17b -> 
  custom:container-demuxer-webm: 4f35f7cbe854078d1ac9338744f61a02 -> 
  custom:video-encoder-webm-vp8: eb34c28f22e8b96e1ab97ce403110664 -> 
  custom:video-codec-MediaFoundation-h265: 746d11721c4dcdbdad8f713fa42b33f4 -> 
  custom:audio-encoder-webm-vorbis: bf7c407c2cedff20999df2af8eb42d56 -> 
  custom:framework-win-MediaFoundation: 216162199b28c13a410421893ffa2e32 -> 
  custom:container-demuxer-ogg: 62fdf1f143b41e24485cea50d1cbac27 -> 
  custom:video-decoder-webm-vp8: 9c59270c3fd7afecdb556c50c9e8de78 -> 
  custom:audio-decoder-ogg-vorbis: bf7c407c2cedff20999df2af8eb42d56 -> 
========================================================================
Received Prepare
Registering precompiled user dll's ...
Registered in 0.003518 seconds.
Begin MonoManager ReloadAssembly
Symbol file LoadedFromMemory doesn't match image C:\Users\jaroo\GitHub\forgotten-unity\Forgotten of Kailash\Library\PackageCache\com.unity.visualscripting@1.7.8\Editor\VisualScripting.Core\Dependencies\YamlDotNet\Unity.VisualScripting.YamlDotNet.dll
Symbol file LoadedFromMemory doesn't match image C:\Users\jaroo\GitHub\forgotten-unity\Forgotten of Kailash\Library\PackageCache\com.unity.visualscripting@1.7.8\Editor\VisualScripting.Core\Dependencies\DotNetZip\Unity.VisualScripting.IonicZip.dll
Native extension for WindowsStandalone target not found
Refreshing native plugins compatible for Editor in 0.68 ms, found 3 plugins.
Preloading 0 native plugins for Editor in 0.00 ms.
Mono: successfully reloaded assembly
- Completed reload, in  0.851 seconds
Domain Reload Profiling:
	ReloadAssembly (852ms)
		BeginReloadAssembly (96ms)
			ExecutionOrderSort (0ms)
			DisableScriptedObjects (3ms)
			BackupInstance (0ms)
			ReleaseScriptingObjects (0ms)
			CreateAndSetChildDomain (28ms)
		EndReloadAssembly (683ms)
			LoadAssemblies (59ms)
			RebuildTransferFunctionScriptingTraits (0ms)
			SetupTypeCache (206ms)
			ReleaseScriptCaches (2ms)
			RebuildScriptCaches (33ms)
			SetupLoadedEditorAssemblies (341ms)
				LogAssemblyErrors (0ms)
				InitializePlatformSupportModulesInManaged (10ms)
				SetLoadedEditorAssemblies (0ms)
				RefreshPlugins (1ms)
				BeforeProcessingInitializeOnLoad (58ms)
				ProcessInitializeOnLoadAttributes (212ms)
				ProcessInitializeOnLoadMethodAttributes (54ms)
				AfterProcessingInitializeOnLoad (5ms)
				EditorAssembliesLoaded (0ms)
			ExecutionOrderSort2 (0ms)
			AwakeInstancesAfterBackupRestoration (4ms)
Platform modules already initialized, skipping
Refreshing native plugins compatible for Editor in 1.65 ms, found 3 plugins.
Preloading 0 native plugins for Editor in 0.00 ms.
Unloading 4687 Unused Serialized files (Serialized files now loaded: 0)
Unloading 22 unused Assets / (339.5 KB). Loaded Objects now: 5192.
Memory consumption went from 239.5 MB to 239.1 MB.
Total: 2.818500 ms (FindLiveObjects: 0.251600 ms CreateObjectMapping: 0.119500 ms MarkObjects: 2.347200 ms  DeleteObjects: 0.099100 ms)

AssetImportParameters requested are different than current active one (requested -> active):
  custom:video-decoder-ogg-theora: a1e56fd34408186e4bbccfd4996cb3dc -> 
  custom:container-muxer-webm: aa71ff27fc2769a1b78a27578f13a17b -> 
  custom:container-demuxer-webm: 4f35f7cbe854078d1ac9338744f61a02 -> 
  custom:video-encoder-webm-vp8: eb34c28f22e8b96e1ab97ce403110664 -> 
  custom:video-codec-MediaFoundation-h265: 746d11721c4dcdbdad8f713fa42b33f4 -> 
  custom:audio-encoder-webm-vorbis: bf7c407c2cedff20999df2af8eb42d56 -> 
  custom:framework-win-MediaFoundation: 216162199b28c13a410421893ffa2e32 -> 
  custom:container-demuxer-ogg: 62fdf1f143b41e24485cea50d1cbac27 -> 
  custom:video-decoder-webm-vp8: 9c59270c3fd7afecdb556c50c9e8de78 -> 
  custom:audio-decoder-ogg-vorbis: bf7c407c2cedff20999df2af8eb42d56 -> 
========================================================================
Received Import Request.
  Time since last request: 98198.428059 seconds.
  path: Assets/Materials/Floor.mat
  artifactKey: Guid(1a4e7cde17c4f8b4a97ba4abf6f07647) Importer(815301076,1909f56bfc062723c751e8b465ee728b)
Start importing Assets/Materials/Floor.mat using Guid(1a4e7cde17c4f8b4a97ba4abf6f07647) Importer(815301076,1909f56bfc062723c751e8b465ee728b)  -> (artifact id: 'b59e5c7ef37add28c4632ac109df41ed') in 0.120117 seconds 
========================================================================
Received Import Request.
  Time since last request: 0.000024 seconds.
  path: Assets/Materials/Glyphs_AlbedoW.png
  artifactKey: Guid(94a856db1e030e542bd8e7138ef38b24) Importer(815301076,1909f56bfc062723c751e8b465ee728b)
Start importing Assets/Materials/Glyphs_AlbedoW.png using Guid(94a856db1e030e542bd8e7138ef38b24) Importer(815301076,1909f56bfc062723c751e8b465ee728b)  -> (artifact id: '379f1227a4338907d935adcbaf30bc33') in 0.046754 seconds 
========================================================================
Received Import Request.
  Time since last request: 0.000022 seconds.
  path: Assets/Materials/Glow1_AO.png
  artifactKey: Guid(8cfecd6ac7f97a248998d0a0dbb7baa6) Importer(815301076,1909f56bfc062723c751e8b465ee728b)
Start importing Assets/Materials/Glow1_AO.png using Guid(8cfecd6ac7f97a248998d0a0dbb7baa6) Importer(815301076,1909f56bfc062723c751e8b465ee728b)  -> (artifact id: '25e205b8a262a37fd25b9ca933dcf4ba') in 0.010156 seconds 
========================================================================
Received Import Request.
  Time since last request: 0.000031 seconds.
  path: Assets/Materials/Note_Albedo.png
  artifactKey: Guid(bf25f8d21a44bc94b82d9b2a929fa68f) Importer(815301076,1909f56bfc062723c751e8b465ee728b)
Start importing Assets/Materials/Note_Albedo.png using Guid(bf25f8d21a44bc94b82d9b2a929fa68f) Importer(815301076,1909f56bfc062723c751e8b465ee728b)  -> (artifact id: '7f3189fe69db921adf8371bf62caae0e') in 0.008077 seconds 
========================================================================
Received Import Request.
  Time since last request: 0.000018 seconds.
  path: Assets/Materials/SleepingBag_Normal.png
  artifactKey: Guid(37e17ec30a9032540a15836992ab052e) Importer(815301076,1909f56bfc062723c751e8b465ee728b)
Start importing Assets/Materials/SleepingBag_Normal.png using Guid(37e17ec30a9032540a15836992ab052e) Importer(815301076,1909f56bfc062723c751e8b465ee728b)  -> (artifact id: '3385333d1bfe84126b7ec5edd571d570') in 0.010406 seconds 
========================================================================
Received Import Request.
  Time since last request: 0.000021 seconds.
  path: Assets/Materials/Glow2_Emission.png
  artifactKey: Guid(8acfbc0825e62454aae023b332646153) Importer(815301076,1909f56bfc062723c751e8b465ee728b)
Start importing Assets/Materials/Glow2_Emission.png using Guid(8acfbc0825e62454aae023b332646153) Importer(815301076,1909f56bfc062723c751e8b465ee728b)  -> (artifact id: '5f720745f4330187917cc88027e41987') in 0.007652 seconds 
========================================================================
Received Import Request.
  Time since last request: 0.000023 seconds.
  path: Assets/Materials/Wall_Albedo_1k.png
  artifactKey: Guid(e36db4929a439c64d96c37ccd460186b) Importer(815301076,1909f56bfc062723c751e8b465ee728b)
Start importing Assets/Materials/Wall_Albedo_1k.png using Guid(e36db4929a439c64d96c37ccd460186b) Importer(815301076,1909f56bfc062723c751e8b465ee728b)  -> (artifact id: 'aa1d01cc4707d9bab112ba9b2a8ba4ab') in 0.009421 seconds 
========================================================================
Received Import Request.
  Time since last request: 0.000021 seconds.
  path: Assets/Materials/Glow2_Normal.png
  artifactKey: Guid(4bf9226cdb416544196aee18941f9fb6) Importer(815301076,1909f56bfc062723c751e8b465ee728b)
Start importing Assets/Materials/Glow2_Normal.png using Guid(4bf9226cdb416544196aee18941f9fb6) Importer(815301076,1909f56bfc062723c751e8b465ee728b)  -> (artifact id: '2f2ac04f5e48302dd079eb8cae1483d9') in 0.009562 seconds 
========================================================================
Received Import Request.
  Time since last request: 0.000022 seconds.
  path: Assets/Materials/SleepingBag_AO.png
  artifactKey: Guid(bd7ecf0ba4182d441862839ee3734103) Importer(815301076,1909f56bfc062723c751e8b465ee728b)
Start importing Assets/Materials/SleepingBag_AO.png using Guid(bd7ecf0ba4182d441862839ee3734103) Importer(815301076,1909f56bfc062723c751e8b465ee728b)  -> (artifact id: '446c723e128ec45cf7f43e7804392a9e') in 0.006725 seconds 
========================================================================
Received Import Request.
  Time since last request: 0.000019 seconds.
  path: Assets/Materials/Glow1_Normal.png
  artifactKey: Guid(ab7f313b5f6bba944b085df4544e07a3) Importer(815301076,1909f56bfc062723c751e8b465ee728b)
Start importing Assets/Materials/Glow1_Normal.png using Guid(ab7f313b5f6bba944b085df4544e07a3) Importer(815301076,1909f56bfc062723c751e8b465ee728b)  -> (artifact id: 'e03c0ea69bcb9cc625dd25efb32ab734') in 0.006897 seconds 
========================================================================
Received Import Request.
  Time since last request: 0.000021 seconds.
  path: Assets/Materials/Sleeping Bag.mat
  artifactKey: Guid(b9d7d7e9a97270842ae356cbb8cb78f5) Importer(815301076,1909f56bfc062723c751e8b465ee728b)
Start importing Assets/Materials/Sleeping Bag.mat using Guid(b9d7d7e9a97270842ae356cbb8cb78f5) Importer(815301076,1909f56bfc062723c751e8b465ee728b)  -> (artifact id: '9b5a79dafe5be89e7033179bf5ffbaa6') in 0.017505 seconds 
========================================================================
Received Import Request.
  Time since last request: 0.000021 seconds.
  path: Assets/Materials/Wall_Roughness_1k.png
  artifactKey: Guid(5ccf47e6df170c847a07d92a6b99b42f) Importer(815301076,1909f56bfc062723c751e8b465ee728b)
Start importing Assets/Materials/Wall_Roughness_1k.png using Guid(5ccf47e6df170c847a07d92a6b99b42f) Importer(815301076,1909f56bfc062723c751e8b465ee728b)  -> (artifact id: 'df302673224d02f1dadda04e6becbaa5') in 0.106505 seconds 
========================================================================
Received Import Request.
  Time since last request: 0.000026 seconds.
  path: Assets/Materials/Glow1_Albedo.png
  artifactKey: Guid(a1dcf296174681045bc6bf603b932bcb) Importer(815301076,1909f56bfc062723c751e8b465ee728b)
Start importing Assets/Materials/Glow1_Albedo.png using Guid(a1dcf296174681045bc6bf603b932bcb) Importer(815301076,1909f56bfc062723c751e8b465ee728b)  -> (artifact id: '18dd263906628e1250957f66aec71661') in 0.006818 seconds 
========================================================================
Received Import Request.
  Time since last request: 0.000036 seconds.
  path: Assets/Materials/Wall.mat
  artifactKey: Guid(387a4ee84e1870144b6756e7786d9d95) Importer(815301076,1909f56bfc062723c751e8b465ee728b)
Start importing Assets/Materials/Wall.mat using Guid(387a4ee84e1870144b6756e7786d9d95) Importer(815301076,1909f56bfc062723c751e8b465ee728b)  -> (artifact id: 'b42b9028337f84d07e05d3715e99386f') in 0.011428 seconds 
========================================================================
Received Import Request.
  Time since last request: 0.000030 seconds.
  path: Assets/Materials/Tentacles.mat
  artifactKey: Guid(6c3278a058e1c30418d8ec43e506fa46) Importer(815301076,1909f56bfc062723c751e8b465ee728b)
Start importing Assets/Materials/Tentacles.mat using Guid(6c3278a058e1c30418d8ec43e506fa46) Importer(815301076,1909f56bfc062723c751e8b465ee728b)  -> (artifact id: '95acc2197b92d4fcfeb68772db6a4ea2') in 0.010174 seconds 
========================================================================
Received Import Request.
  Time since last request: 0.000027 seconds.
  path: Assets/Materials/SleepingBag_albedo.png
  artifactKey: Guid(1af1257f68a9a5046a98bf7cb2e340a4) Importer(815301076,1909f56bfc062723c751e8b465ee728b)
Start importing Assets/Materials/SleepingBag_albedo.png using Guid(1af1257f68a9a5046a98bf7cb2e340a4) Importer(815301076,1909f56bfc062723c751e8b465ee728b)  -> (artifact id: 'dbe680b4aa2c10218c4593ffc854ad0e') in 0.007297 seconds 
========================================================================
Received Import Request.
  Time since last request: 0.000027 seconds.
  path: Assets/Materials/Glow2_Albedo.png
  artifactKey: Guid(7c5b2de4911a29d499c137b4e280d31b) Importer(815301076,1909f56bfc062723c751e8b465ee728b)
Start importing Assets/Materials/Glow2_Albedo.png using Guid(7c5b2de4911a29d499c137b4e280d31b) Importer(815301076,1909f56bfc062723c751e8b465ee728b)  -> (artifact id: '0f5ea562eb06aeb8fbcd66240f884964') in 0.006153 seconds 
========================================================================
Received Import Request.
  Time since last request: 0.000024 seconds.
  path: Assets/Materials/Wall dark.mat
  artifactKey: Guid(49957d1a658db8548b72f90783ea1e7c) Importer(815301076,1909f56bfc062723c751e8b465ee728b)
Start importing Assets/Materials/Wall dark.mat using Guid(49957d1a658db8548b72f90783ea1e7c) Importer(815301076,1909f56bfc062723c751e8b465ee728b)  -> (artifact id: 'be02308063d04fad44fc0e457336d251') in 0.010272 seconds 
========================================================================
Received Import Request.
  Time since last request: 0.000030 seconds.
  path: Assets/Materials/Note_Normal.png
  artifactKey: Guid(61b8b6db2b4cc884e837a4b654af61e7) Importer(815301076,1909f56bfc062723c751e8b465ee728b)
Start importing Assets/Materials/Note_Normal.png using Guid(61b8b6db2b4cc884e837a4b654af61e7) Importer(815301076,1909f56bfc062723c751e8b465ee728b)  -> (artifact id: '1b532f1aa3f0a60296a6858545f2cf42') in 0.006387 seconds 
========================================================================
Received Import Request.
  Time since last request: 0.000025 seconds.
  path: Assets/Materials/Floor_Normal.png
  artifactKey: Guid(5e726e7f4d5f37c449d8791112cc9e57) Importer(815301076,1909f56bfc062723c751e8b465ee728b)
Start importing Assets/Materials/Floor_Normal.png using Guid(5e726e7f4d5f37c449d8791112cc9e57) Importer(815301076,1909f56bfc062723c751e8b465ee728b)  -> (artifact id: '23c9beb67aa28f405c98217035d55a2a') in 0.007991 seconds 
========================================================================
Received Import Request.
  Time since last request: 0.000024 seconds.
  path: Assets/Materials/Pillar glow.mat
  artifactKey: Guid(881eec9b9bf5d59468bcc1b116b2e519) Importer(815301076,1909f56bfc062723c751e8b465ee728b)
Start importing Assets/Materials/Pillar glow.mat using Guid(881eec9b9bf5d59468bcc1b116b2e519) Importer(815301076,1909f56bfc062723c751e8b465ee728b)  -> (artifact id: 'de96722bea33d659d7cae10ee5a6370d') in 0.006953 seconds 
========================================================================
Received Import Request.
  Time since last request: 0.000021 seconds.
  path: Assets/Materials/Glyphs_Normal.png
  artifactKey: Guid(17f417d562bf97248a5920d609445091) Importer(815301076,1909f56bfc062723c751e8b465ee728b)
Start importing Assets/Materials/Glyphs_Normal.png using Guid(17f417d562bf97248a5920d609445091) Importer(815301076,1909f56bfc062723c751e8b465ee728b)  -> (artifact id: '9eaab4e1d05fa6f3b0863c3fc820c40e') in 0.006525 seconds 
========================================================================
Received Import Request.
  Time since last request: 0.000021 seconds.
  path: Assets/Materials/Note.mat
  artifactKey: Guid(6ae80e081bf268d46be05d5413699076) Importer(815301076,1909f56bfc062723c751e8b465ee728b)
Start importing Assets/Materials/Note.mat using Guid(6ae80e081bf268d46be05d5413699076) Importer(815301076,1909f56bfc062723c751e8b465ee728b)  -> (artifact id: 'babb10f68a70e4f639e24f56df8ddea5') in 0.008406 seconds 
========================================================================
Received Import Request.
  Time since last request: 0.586380 seconds.
  path: Assets/3Ds/ROOM.blend
  artifactKey: Guid(a879ff5d5ed7cbe4589fa9f0229d7ae9) Importer(815301076,1909f56bfc062723c751e8b465ee728b)
Start importing Assets/3Ds/ROOM.blend using Guid(a879ff5d5ed7cbe4589fa9f0229d7ae9) Importer(815301076,1909f56bfc062723c751e8b465ee728b)  -> (artifact id: '4904fa3ec916ac464c13d71304ba2b75') in 0.235264 seconds 
Editor requested this worker to shutdown with reason: Scaling down because of idle timeout
AssetImportWorker is now disconnected from the server
Process exiting
Exiting without the bug reporter. Application will terminate with return code 0